<?xml version="1.0" encoding="UTF-8"?>
<!-- Generated by org.testng.reporters.JUnitReportReporter -->
<testsuite skipped="0" hostname="TNQ-LTP-239" name="com.authorportal.ui.test" tests="2" failures="0" timestamp="09 Mar 2020 12:24:35 GMT" time="18.519" errors="0">
  <testcase name="UrlLaunch" time="18.515" classname="com.authorportal.ui.test"/>
  <testcase name="testMethod" time="0.004" classname="com.authorportal.ui.test"/>
</testsuite> <!-- com.authorportal.ui.test -->
